# JRE version: Java(TM) SE Runtime Environment (23.0.1+11) (build 23.0.1+11-39)
# Java VM: Java HotSpot(TM) 64-Bit Server VM (23.0.1+11-39, mixed mode, sharing, tiered, compressed oops, compressed class ptrs, g1 gc, windows-amd64)
GC Precious Log:
 CardTable entry size: 512
 Card Set container configuration: InlinePtr #cards 5 size 8 Array Of Cards #cards 10 size 36 Howl #buckets 4 coarsen threshold 1843 Howl Bitmap #cards 512 size 80 coarsen threshold 460 Card regions per heap region 1 cards per card region 2048
 CPUs: 4 total, 4 available
 Memory: 6030M
 Large Page Support: Disabled
 NUMA Support: Disabled
 Compressed Oops: Enabled (32-bit)
 Heap Region Size: 1M
 Heap Min Capacity: 64M
 Heap Initial Capacity: 64M
 Heap Max Capacity: 64M
 Pre-touch: Disabled
 Parallel Workers: 4
 Concurrent Workers: 1
 Concurrent Refinement Workers: 4
 Periodic GC: Disabled
Heap:
 garbage-first heap   total reserved 65536K, committed 65536K, used 24279K [0x00000000fc000000, 0x0000000100000000)
  region size 1024K, 17 young (17408K), 4 survivors (4096K)
 Metaspace       used 10483K, committed 10816K, reserved 1114112K
  class space    used 1382K, committed 1536K, reserved 1048576K
GC Heap History (6 events):
Event: 3.515 GC heap before
{Heap before GC invocations=0 (full 0):
 garbage-first heap   total reserved 65536K, committed 65536K, used 14336K [0x00000000fc000000, 0x0000000100000000)
  region size 1024K, 14 young (14336K), 0 survivors (0K)
 Metaspace       used 1540K, committed 1728K, reserved 1114112K
  class space    used 151K, committed 256K, reserved 1048576K
}
Event: 3.520 GC heap after
{Heap after GC invocations=1 (full 0):
 garbage-first heap   total reserved 65536K, committed 65536K, used 1664K [0x00000000fc000000, 0x0000000100000000)
  region size 1024K, 2 young (2048K), 2 survivors (2048K)
 Metaspace       used 1540K, committed 1728K, reserved 1114112K
  class space    used 151K, committed 256K, reserved 1048576K
}
Event: 4.251 GC heap before
{Heap before GC invocations=1 (full 0):
 garbage-first heap   total reserved 65536K, committed 65536K, used 18048K [0x00000000fc000000, 0x0000000100000000)
  region size 1024K, 16 young (16384K), 2 survivors (2048K)
 Metaspace       used 1744K, committed 1920K, reserved 1114112K
  class space    used 155K, committed 256K, reserved 1048576K
}
Event: 4.258 GC heap after
{Heap after GC invocations=2 (full 0):
 garbage-first heap   total reserved 65536K, committed 65536K, used 9345K [0x00000000fc000000, 0x0000000100000000)
  region size 1024K, 2 young (2048K), 2 survivors (2048K)
 Metaspace       used 1744K, committed 1920K, reserved 1114112K
  class space    used 155K, committed 256K, reserved 1048576K
}
Event: 5.600 GC heap before
{Heap before GC invocations=2 (full 0):
 garbage-first heap   total reserved 65536K, committed 65536K, used 36993K [0x00000000fc000000, 0x0000000100000000)
  region size 1024K, 29 young (29696K), 2 survivors (2048K)
 Metaspace       used 8669K, committed 8960K, reserved 1114112K
  class space    used 1202K, committed 1344K, reserved 1048576K
}
Event: 5.607 GC heap after
{Heap after GC invocations=3 (full 0):
 garbage-first heap   total reserved 65536K, committed 65536K, used 11991K [0x00000000fc000000, 0x0000000100000000)
  region size 1024K, 4 young (4096K), 4 survivors (4096K)
 Metaspace       used 8669K, committed 8960K, reserved 1114112K
  class space    used 1202K, committed 1344K, reserved 1048576K
}

